This file contains any messages produced by compilers while
running configure, to aid debugging if configure makes a mistake.

It was created by OpenJDK configure jdk8, which was
generated by GNU Autoconf 2.71.  Invocation command line was

  $ /root/code/corretto-8/configure --enable-option-checking=fatal --target cygwin

## --------- ##
## Platform. ##
## --------- ##

hostname = f7f721c6ee37
uname -m = x86_64
uname -r = 5.4.0-128-generic
uname -s = Linux
uname -v = #144-Ubuntu SMP Tue Sep 20 11:00:04 UTC 2022

/usr/bin/uname -p = x86_64
/bin/uname -X     = unknown

/bin/arch              = x86_64
/usr/bin/arch -k       = unknown
/usr/convex/getsysinfo = unknown
/usr/bin/hostinfo      = unknown
/bin/machine           = unknown
/usr/bin/oslevel       = unknown
/bin/universe          = unknown

PATH: /opt/codeserver/lib/code-server-4.6.1/lib/vscode/bin/remote-cli/
PATH: /usr/local/sbin/
PATH: /usr/local/bin/
PATH: /usr/sbin/
PATH: /usr/bin/
PATH: /sbin/
PATH: /bin/


## ----------- ##
## Core tests. ##
## ----------- ##

configure:3700: looking for aux files: config.guess config.sub
configure:3713:  trying /root/code/corretto-8/common/autoconf/build-aux/
configure:3742:   /root/code/corretto-8/common/autoconf/build-aux/config.guess found
configure:3742:   /root/code/corretto-8/common/autoconf/build-aux/config.sub found
configure:5052: Configuration created at Wed Nov  2 11:59:11 UTC 2022.
configure:5054: configure script generated at timestamp 1652838310.
configure:5077: checking for basename
configure:5100: found /usr/bin/basename
configure:5112: result: /usr/bin/basename
configure:5348: checking for bash
configure:5383: result: /usr/bin/bash
configure:5493: checking for cat
configure:5516: found /usr/bin/cat
configure:5528: result: /usr/bin/cat
configure:5701: checking for chmod
configure:5724: found /usr/bin/chmod
configure:5736: result: /usr/bin/chmod
configure:5909: checking for cmp
configure:5932: found /usr/bin/cmp
configure:5944: result: /usr/bin/cmp
configure:6117: checking for comm
configure:6140: found /usr/bin/comm
configure:6152: result: /usr/bin/comm
configure:6325: checking for cp
configure:6348: found /usr/bin/cp
configure:6360: result: /usr/bin/cp
configure:6533: checking for cut
configure:6556: found /usr/bin/cut
configure:6568: result: /usr/bin/cut
configure:6741: checking for date
configure:6764: found /usr/bin/date
configure:6776: result: /usr/bin/date
configure:6949: checking for gdiff
configure:6987: result: no
configure:6949: checking for diff
configure:6972: found /usr/bin/diff
configure:6984: result: /usr/bin/diff
configure:7157: checking for dirname
configure:7180: found /usr/bin/dirname
configure:7192: result: /usr/bin/dirname
configure:7365: checking for echo
configure:7388: found /usr/bin/echo
configure:7400: result: /usr/bin/echo
configure:7573: checking for expr
configure:7596: found /usr/bin/expr
configure:7608: result: /usr/bin/expr
configure:7781: checking for file
configure:7804: found /usr/bin/file
configure:7816: result: /usr/bin/file
configure:7989: checking for find
configure:8012: found /usr/bin/find
configure:8024: result: /usr/bin/find
configure:8197: checking for head
configure:8220: found /usr/bin/head
configure:8232: result: /usr/bin/head
configure:8405: checking for ln
configure:8428: found /usr/bin/ln
configure:8440: result: /usr/bin/ln
configure:8613: checking for ls
configure:8636: found /usr/bin/ls
configure:8648: result: /usr/bin/ls
configure:8821: checking for mkdir
configure:8844: found /usr/bin/mkdir
configure:8856: result: /usr/bin/mkdir
configure:9029: checking for mktemp
configure:9052: found /usr/bin/mktemp
configure:9064: result: /usr/bin/mktemp
configure:9237: checking for mv
configure:9260: found /usr/bin/mv
configure:9272: result: /usr/bin/mv
configure:9445: checking for nawk
configure:9468: found /usr/bin/nawk
configure:9480: result: /usr/bin/nawk
configure:9653: checking for printf
configure:9676: found /usr/bin/printf
configure:9688: result: /usr/bin/printf
configure:9861: checking for rm
configure:9884: found /usr/bin/rm
configure:9896: result: /usr/bin/rm
configure:10069: checking for sh
configure:10092: found /usr/bin/sh
configure:10104: result: /usr/bin/sh
configure:10277: checking for sort
configure:10300: found /usr/bin/sort
configure:10312: result: /usr/bin/sort
configure:10485: checking for tail
configure:10508: found /usr/bin/tail
configure:10520: result: /usr/bin/tail
configure:10693: checking for tar
configure:10716: found /usr/bin/tar
configure:10728: result: /usr/bin/tar
configure:10901: checking for tee
configure:10924: found /usr/bin/tee
configure:10936: result: /usr/bin/tee
configure:11109: checking for touch
configure:11132: found /usr/bin/touch
configure:11144: result: /usr/bin/touch
configure:11317: checking for tr
configure:11340: found /usr/bin/tr
configure:11352: result: /usr/bin/tr
configure:11525: checking for uname
configure:11548: found /usr/bin/uname
configure:11560: result: /usr/bin/uname
configure:11733: checking for uniq
configure:11756: found /usr/bin/uniq
configure:11768: result: /usr/bin/uniq
configure:11941: checking for wc
configure:11964: found /usr/bin/wc
configure:11976: result: /usr/bin/wc
configure:12149: checking for which
configure:12172: found /usr/bin/which
configure:12184: result: /usr/bin/which
configure:12357: checking for xargs
configure:12380: found /usr/bin/xargs
configure:12392: result: /usr/bin/xargs
configure:12566: checking for gawk
configure:12601: result: no
configure:12566: checking for mawk
configure:12587: found /usr/bin/mawk
configure:12598: result: mawk
configure:12762: checking for grep that handles long lines and -e
configure:12826: result: /usr/bin/grep
configure:13006: checking for egrep
configure:13074: result: /usr/bin/grep -E
configure:13258: checking for fgrep
configure:13326: result: /usr/bin/grep -F
configure:13510: checking for a sed that does not truncate output
configure:13580: result: /usr/bin/sed
configure:13779: checking for cygpath
configure:13817: result: no
configure:13980: checking for greadlink
configure:14018: result: no
configure:13980: checking for readlink
configure:14003: found /usr/bin/readlink
configure:14015: result: /usr/bin/readlink
configure:14181: checking for df
configure:14204: found /usr/bin/df
configure:14216: result: /usr/bin/df
configure:14382: checking for SetFile
configure:14420: result: no
configure:14583: checking for cpio
configure:14621: result: no
configure:14583: checking for bsdcpio
configure:14621: result: no
configure:14784: checking build system type
configure:14799: result: x86_64-unknown-linux-gnu
configure:14819: checking host system type
configure:14833: result: x86_64-unknown-linux-gnu
configure:14853: checking target system type
configure:14863: error: /usr/bin/bash /root/code/corretto-8/common/autoconf/build-aux/config.sub cygwin failed

## ---------------- ##
## Cache variables. ##
## ---------------- ##

ac_cv_build=x86_64-unknown-linux-gnu
ac_cv_env_ALSA_CFLAGS_set=
ac_cv_env_ALSA_CFLAGS_value=
ac_cv_env_ALSA_LIBS_set=
ac_cv_env_ALSA_LIBS_value=
ac_cv_env_AR_set=
ac_cv_env_AR_value=
ac_cv_env_AS_set=
ac_cv_env_AS_value=
ac_cv_env_AWK_set=
ac_cv_env_AWK_value=
ac_cv_env_BASENAME_set=
ac_cv_env_BASENAME_value=
ac_cv_env_BASH_set=set
ac_cv_env_BASH_value=/usr/bin/bash
ac_cv_env_BUILD_CC_set=
ac_cv_env_BUILD_CC_value=
ac_cv_env_BUILD_CXX_set=
ac_cv_env_BUILD_CXX_value=
ac_cv_env_BUILD_LD_set=
ac_cv_env_BUILD_LD_value=
ac_cv_env_CAT_set=
ac_cv_env_CAT_value=
ac_cv_env_CCACHE_set=
ac_cv_env_CCACHE_value=
ac_cv_env_CCC_set=
ac_cv_env_CCC_value=
ac_cv_env_CC_set=
ac_cv_env_CC_value=
ac_cv_env_CFLAGS_set=
ac_cv_env_CFLAGS_value=
ac_cv_env_CHMOD_set=
ac_cv_env_CHMOD_value=
ac_cv_env_CMP_set=
ac_cv_env_CMP_value=
ac_cv_env_CODESIGN_set=
ac_cv_env_CODESIGN_value=
ac_cv_env_COMM_set=
ac_cv_env_COMM_value=
ac_cv_env_CPIO_set=
ac_cv_env_CPIO_value=
ac_cv_env_CPPFLAGS_set=
ac_cv_env_CPPFLAGS_value=
ac_cv_env_CPP_set=
ac_cv_env_CPP_value=
ac_cv_env_CP_set=
ac_cv_env_CP_value=
ac_cv_env_CUT_set=
ac_cv_env_CUT_value=
ac_cv_env_CXXCPP_set=
ac_cv_env_CXXCPP_value=
ac_cv_env_CXXFLAGS_set=
ac_cv_env_CXXFLAGS_value=
ac_cv_env_CXX_set=
ac_cv_env_CXX_value=
ac_cv_env_CYGPATH_set=
ac_cv_env_CYGPATH_value=
ac_cv_env_DATE_set=
ac_cv_env_DATE_value=
ac_cv_env_DF_set=
ac_cv_env_DF_value=
ac_cv_env_DIFF_set=
ac_cv_env_DIFF_value=
ac_cv_env_DIRNAME_set=
ac_cv_env_DIRNAME_value=
ac_cv_env_DSYMUTIL_set=
ac_cv_env_DSYMUTIL_value=
ac_cv_env_ECHO_set=
ac_cv_env_ECHO_value=
ac_cv_env_EGREP_set=
ac_cv_env_EGREP_value=
ac_cv_env_EXPR_set=
ac_cv_env_EXPR_value=
ac_cv_env_FGREP_set=
ac_cv_env_FGREP_value=
ac_cv_env_FILE_set=
ac_cv_env_FILE_value=
ac_cv_env_FIND_set=
ac_cv_env_FIND_value=
ac_cv_env_FREETYPE_CFLAGS_set=
ac_cv_env_FREETYPE_CFLAGS_value=
ac_cv_env_FREETYPE_LIBS_set=
ac_cv_env_FREETYPE_LIBS_value=
ac_cv_env_GIT_set=
ac_cv_env_GIT_value=
ac_cv_env_GNM_set=
ac_cv_env_GNM_value=
ac_cv_env_GREP_set=
ac_cv_env_GREP_value=
ac_cv_env_HEAD_set=
ac_cv_env_HEAD_value=
ac_cv_env_HG_set=
ac_cv_env_HG_value=
ac_cv_env_JTREGEXE_set=
ac_cv_env_JTREGEXE_value=
ac_cv_env_LCMS_CFLAGS_set=
ac_cv_env_LCMS_CFLAGS_value=
ac_cv_env_LCMS_LIBS_set=
ac_cv_env_LCMS_LIBS_value=
ac_cv_env_LDD_set=
ac_cv_env_LDD_value=
ac_cv_env_LDFLAGS_set=
ac_cv_env_LDFLAGS_value=
ac_cv_env_LIBFFI_CFLAGS_set=
ac_cv_env_LIBFFI_CFLAGS_value=
ac_cv_env_LIBFFI_LIBS_set=
ac_cv_env_LIBFFI_LIBS_value=
ac_cv_env_LIBS_set=
ac_cv_env_LIBS_value=
ac_cv_env_LIPO_set=
ac_cv_env_LIPO_value=
ac_cv_env_LN_set=
ac_cv_env_LN_value=
ac_cv_env_LS_set=
ac_cv_env_LS_value=
ac_cv_env_MCS_set=
ac_cv_env_MCS_value=
ac_cv_env_MKDIR_set=
ac_cv_env_MKDIR_value=
ac_cv_env_MKTEMP_set=
ac_cv_env_MKTEMP_value=
ac_cv_env_MV_set=
ac_cv_env_MV_value=
ac_cv_env_NAWK_set=
ac_cv_env_NAWK_value=
ac_cv_env_NM_set=
ac_cv_env_NM_value=
ac_cv_env_OBJCFLAGS_set=
ac_cv_env_OBJCFLAGS_value=
ac_cv_env_OBJCOPY_set=
ac_cv_env_OBJCOPY_value=
ac_cv_env_OBJC_set=
ac_cv_env_OBJC_value=
ac_cv_env_OBJDUMP_set=
ac_cv_env_OBJDUMP_value=
ac_cv_env_PKG_CONFIG_set=
ac_cv_env_PKG_CONFIG_value=
ac_cv_env_PNG_CFLAGS_set=
ac_cv_env_PNG_CFLAGS_value=
ac_cv_env_PNG_LIBS_set=
ac_cv_env_PNG_LIBS_value=
ac_cv_env_PRINTF_set=
ac_cv_env_PRINTF_value=
ac_cv_env_READELF_set=
ac_cv_env_READELF_value=
ac_cv_env_READLINK_set=
ac_cv_env_READLINK_value=
ac_cv_env_RM_set=
ac_cv_env_RM_value=
ac_cv_env_SED_set=
ac_cv_env_SED_value=
ac_cv_env_SETFILE_set=
ac_cv_env_SETFILE_value=
ac_cv_env_SH_set=
ac_cv_env_SH_value=
ac_cv_env_SORT_set=
ac_cv_env_SORT_value=
ac_cv_env_STAT_set=
ac_cv_env_STAT_value=
ac_cv_env_STRIP_set=
ac_cv_env_STRIP_value=
ac_cv_env_TAIL_set=
ac_cv_env_TAIL_value=
ac_cv_env_TAR_set=
ac_cv_env_TAR_value=
ac_cv_env_TEE_set=
ac_cv_env_TEE_value=
ac_cv_env_TIME_set=
ac_cv_env_TIME_value=
ac_cv_env_TOUCH_set=
ac_cv_env_TOUCH_value=
ac_cv_env_TR_set=
ac_cv_env_TR_value=
ac_cv_env_UNAME_set=
ac_cv_env_UNAME_value=
ac_cv_env_UNIQ_set=
ac_cv_env_UNIQ_value=
ac_cv_env_UNZIP_set=
ac_cv_env_UNZIP_value=
ac_cv_env_WC_set=
ac_cv_env_WC_value=
ac_cv_env_WHICH_set=
ac_cv_env_WHICH_value=
ac_cv_env_XARGS_set=
ac_cv_env_XARGS_value=
ac_cv_env_XATTR_set=
ac_cv_env_XATTR_value=
ac_cv_env_XMKMF_set=
ac_cv_env_XMKMF_value=
ac_cv_env_ZIP_set=
ac_cv_env_ZIP_value=
ac_cv_env_build_alias_set=
ac_cv_env_build_alias_value=
ac_cv_env_host_alias_set=
ac_cv_env_host_alias_value=
ac_cv_env_target_alias_set=set
ac_cv_env_target_alias_value=cygwin
ac_cv_host=x86_64-unknown-linux-gnu
ac_cv_path_BASENAME=/usr/bin/basename
ac_cv_path_BASH=/usr/bin/bash
ac_cv_path_CAT=/usr/bin/cat
ac_cv_path_CHMOD=/usr/bin/chmod
ac_cv_path_CMP=/usr/bin/cmp
ac_cv_path_COMM=/usr/bin/comm
ac_cv_path_CP=/usr/bin/cp
ac_cv_path_CUT=/usr/bin/cut
ac_cv_path_DATE=/usr/bin/date
ac_cv_path_DF=/usr/bin/df
ac_cv_path_DIFF=/usr/bin/diff
ac_cv_path_DIRNAME=/usr/bin/dirname
ac_cv_path_ECHO=/usr/bin/echo
ac_cv_path_EGREP='/usr/bin/grep -E'
ac_cv_path_EXPR=/usr/bin/expr
ac_cv_path_FGREP='/usr/bin/grep -F'
ac_cv_path_FILE=/usr/bin/file
ac_cv_path_FIND=/usr/bin/find
ac_cv_path_GREP=/usr/bin/grep
ac_cv_path_HEAD=/usr/bin/head
ac_cv_path_LN=/usr/bin/ln
ac_cv_path_LS=/usr/bin/ls
ac_cv_path_MKDIR=/usr/bin/mkdir
ac_cv_path_MKTEMP=/usr/bin/mktemp
ac_cv_path_MV=/usr/bin/mv
ac_cv_path_NAWK=/usr/bin/nawk
ac_cv_path_PRINTF=/usr/bin/printf
ac_cv_path_READLINK=/usr/bin/readlink
ac_cv_path_RM=/usr/bin/rm
ac_cv_path_SED=/usr/bin/sed
ac_cv_path_SH=/usr/bin/sh
ac_cv_path_SORT=/usr/bin/sort
ac_cv_path_TAIL=/usr/bin/tail
ac_cv_path_TAR=/usr/bin/tar
ac_cv_path_TEE=/usr/bin/tee
ac_cv_path_TOUCH=/usr/bin/touch
ac_cv_path_TR=/usr/bin/tr
ac_cv_path_UNAME=/usr/bin/uname
ac_cv_path_UNIQ=/usr/bin/uniq
ac_cv_path_WC=/usr/bin/wc
ac_cv_path_WHICH=/usr/bin/which
ac_cv_path_XARGS=/usr/bin/xargs
ac_cv_prog_AWK=mawk
ac_cv_target=

## ----------------- ##
## Output variables. ##
## ----------------- ##

ADD_SRC_ROOT=''
ALSA_CFLAGS=''
ALSA_LIBS=''
AR=''
ARFLAGS=''
AR_OUT_OPTION=''
AS=''
ASFLAGS_DEBUG_SYMBOLS=''
AWK='mawk'
BASENAME='/usr/bin/basename'
BASH='/usr/bin/bash'
BDEPS_FTP=''
BDEPS_UNZIP=''
BOOT_JDK=''
BOOT_JDK_BITS=''
BOOT_JDK_SOURCETARGET=''
BOOT_RTJAR=''
BOOT_TOOLSJAR=''
BUILD_CC=''
BUILD_CXX=''
BUILD_HEADLESS=''
BUILD_HOTSPOT=''
BUILD_LD=''
BUILD_LOG=''
BUILD_LOG_PREVIOUS=''
BUILD_LOG_WRAPPER=''
BUILD_OUTPUT=''
BUILD_VARIANT_RELEASE=''
CACERTS_FILE=''
CAT='/usr/bin/cat'
CC=''
CCACHE=''
CC_OUT_OPTION=''
CC_VERSION_NUMBER=''
CFLAGS=''
CFLAGS_DEBUG_SYMBOLS=''
CFLAGS_JDKEXE=''
CFLAGS_JDKLIB=''
CHECK_GMAKE=''
CHECK_MAKE=''
CHECK_TOOLSDIR_GMAKE=''
CHECK_TOOLSDIR_MAKE=''
CHMOD='/usr/bin/chmod'
CMP='/usr/bin/cmp'
CODESIGN=''
COMM='/usr/bin/comm'
COMPANY_NAME=''
COMPILER_SUPPORTS_TARGET_BITS_FLAG=''
COMPILER_TARGET_BITS_FLAG=''
COMPILE_TYPE=''
COMPRESS_JARS=''
CONFIGURE_COMMAND_LINE='--target cygwin'
CONF_NAME=''
COOKED_BUILD_NUMBER=''
COOKED_JDK_UPDATE_VERSION=''
COPYRIGHT_YEAR=''
CORBA_TOPDIR=''
CORRETTO_VERSION=''
CP='/usr/bin/cp'
CPIO=''
CPP=''
CPPFLAGS=''
CUPS_CFLAGS=''
CUSTOM_MAKE_DIR=''
CUT='/usr/bin/cut'
CXX=''
CXXCPP=''
CXXFLAGS=''
CXXFLAGS_DEBUG_SYMBOLS=''
CXXFLAGS_JDKEXE=''
CXXFLAGS_JDKLIB=''
CXXSTD_CXXFLAG=''
CXX_FLAG_DEPS=''
CXX_FLAG_REORDER=''
CXX_O_FLAG_HI=''
CXX_O_FLAG_HIGHEST=''
CXX_O_FLAG_NONE=''
CXX_O_FLAG_NORM=''
CXX_VERSION_NUMBER=''
CYGPATH=''
CYGWIN_LINK=''
C_FLAG_DEPS=''
C_FLAG_REORDER=''
C_O_FLAG_HI=''
C_O_FLAG_HIGHEST=''
C_O_FLAG_NONE=''
C_O_FLAG_NORM=''
DATE='/usr/bin/date'
DATE_WHEN_CONFIGURED='Wed Nov  2 11:59:11 UTC 2022'
DEBUG_BINARIES=''
DEBUG_CLASSFILES=''
DEBUG_LEVEL=''
DEFINE_CROSS_COMPILE_ARCH=''
DEFS=''
DEVKIT_LIB_DIR=''
DF='/usr/bin/df'
DIFF='/usr/bin/diff'
DIRNAME='/usr/bin/dirname'
DSYMUTIL=''
DUMPBIN=''
ECHO='/usr/bin/echo'
ECHO_C=''
ECHO_N='-n'
ECHO_T=''
EGREP='/usr/bin/grep -E'
ENABLE_DEBUG_SYMBOLS=''
ENABLE_INTREE_EC=''
ENABLE_JFR=''
ENABLE_SJAVAC=''
EXEEXT=''
EXE_OUT_OPTION=''
EXE_SUFFIX=''
EXPR='/usr/bin/expr'
FASTDEBUG=''
FDLIBM_CFLAGS=''
FGREP='/usr/bin/grep -F'
FILE='/usr/bin/file'
FIND='/usr/bin/find'
FIND_DELETE=''
FIXPATH=''
FONTCONFIG_CFLAGS=''
FREETYPE_BUNDLE_LIB_PATH=''
FREETYPE_CFLAGS=''
FREETYPE_LIBS=''
GIT=''
GNM=''
GREP='/usr/bin/grep'
HEAD='/usr/bin/head'
HG=''
HOTSPOT_CXX=''
HOTSPOT_DIST=''
HOTSPOT_LD=''
HOTSPOT_MAKE_ARGS=''
HOTSPOT_MT=''
HOTSPOT_RC=''
HOTSPOT_TOPDIR=''
INCLUDE_SA=''
IS_GNU_TIME=''
JAVAC_CHECK=''
JAVAC_FLAGS=''
JAVA_CHECK=''
JAVA_FLAGS=''
JAVA_FLAGS_BIG=''
JAVA_FLAGS_SMALL=''
JAXP_TOPDIR=''
JAXWS_TOPDIR=''
JDK_BUILD_NUMBER=''
JDK_MAJOR_VERSION=''
JDK_MICRO_VERSION=''
JDK_MINOR_VERSION=''
JDK_RC_PLATFORM_NAME=''
JDK_TOPDIR=''
JDK_UPDATE_VERSION=''
JDK_VARIANT=''
JDK_VERSION=''
JOBS=''
JTREGEXE=''
JT_HOME=''
JVM_INTERPRETER=''
JVM_VARIANTS=''
JVM_VARIANT_CLIENT=''
JVM_VARIANT_CORE=''
JVM_VARIANT_KERNEL=''
JVM_VARIANT_MINIMAL1=''
JVM_VARIANT_SERVER=''
JVM_VARIANT_ZERO=''
JVM_VARIANT_ZEROSHARK=''
LANGTOOLS_TOPDIR=''
LAUNCHER_NAME=''
LCMS_CFLAGS=''
LCMS_LIBS=''
LD=''
LDCXX=''
LDD=''
LDEXE=''
LDEXECXX=''
LDFLAGS=''
LDFLAGS_CXX_JDK=''
LDFLAGS_JDKEXE=''
LDFLAGS_JDKEXE_SUFFIX=''
LDFLAGS_JDKLIB=''
LDFLAGS_JDKLIB_SUFFIX=''
LD_OUT_OPTION=''
LEGACY_EXTRA_ASFLAGS=''
LEGACY_EXTRA_CFLAGS=''
LEGACY_EXTRA_CXXFLAGS=''
LEGACY_EXTRA_LDFLAGS=''
LIBCXX=''
LIBDL=''
LIBFFI_CFLAGS=''
LIBFFI_LIBS=''
LIBM=''
LIBOBJS=''
LIBRARY_PREFIX=''
LIBS=''
LIBZIP_CAN_USE_MMAP=''
LIPO=''
LLVM_CFLAGS=''
LLVM_CONFIG=''
LLVM_LDFLAGS=''
LLVM_LIBS=''
LN='/usr/bin/ln'
LP64=''
LS='/usr/bin/ls'
LTLIBOBJS=''
MACOSX_BUNDLE_ID_BASE=''
MACOSX_BUNDLE_NAME_BASE=''
MACOSX_UNIVERSAL=''
MACOSX_VERSION_MIN=''
MAKE=''
MCS=''
MEMORY_SIZE=''
MILESTONE=''
MKDIR='/usr/bin/mkdir'
MKTEMP='/usr/bin/mktemp'
MSBUILD=''
MSVCP_DLL=''
MSVCR_DLL=''
MT=''
MV='/usr/bin/mv'
NASHORN_TOPDIR=''
NAWK='/usr/bin/nawk'
NM=''
NO_DELETE_NULL_POINTER_CHECKS_CFLAG=''
NO_LIFETIME_DSE_CFLAG=''
NUM_CORES=''
OBJC=''
OBJCFLAGS=''
OBJCOPY=''
OBJDUMP=''
OBJEXT=''
OBJ_SUFFIX=''
OPENJDK_BUILD_AUTOCONF_NAME=''
OPENJDK_BUILD_CPU=''
OPENJDK_BUILD_CPU_ARCH=''
OPENJDK_BUILD_CPU_BITS=''
OPENJDK_BUILD_CPU_ENDIAN=''
OPENJDK_BUILD_LIBC=''
OPENJDK_BUILD_OS=''
OPENJDK_BUILD_OS_API=''
OPENJDK_BUILD_OS_ENV=''
OPENJDK_TARGET_AUTOCONF_NAME=''
OPENJDK_TARGET_CPU=''
OPENJDK_TARGET_CPU_ARCH=''
OPENJDK_TARGET_CPU_BITS=''
OPENJDK_TARGET_CPU_ENDIAN=''
OPENJDK_TARGET_CPU_ISADIR=''
OPENJDK_TARGET_CPU_JLI_CFLAGS=''
OPENJDK_TARGET_CPU_LEGACY=''
OPENJDK_TARGET_CPU_LEGACY_LIB=''
OPENJDK_TARGET_CPU_LIBDIR=''
OPENJDK_TARGET_CPU_OSARCH=''
OPENJDK_TARGET_LIBC=''
OPENJDK_TARGET_OS=''
OPENJDK_TARGET_OS_API=''
OPENJDK_TARGET_OS_API_DIR=''
OPENJDK_TARGET_OS_ENV=''
OPENJDK_TARGET_OS_EXPORT_DIR=''
OS_VERSION_MAJOR=''
OS_VERSION_MICRO=''
OS_VERSION_MINOR=''
OTOOL=''
OUTPUT_ROOT=''
OVERRIDE_SRC_ROOT=''
PACKAGE_BUGREPORT='build-dev@openjdk.java.net'
PACKAGE_NAME='OpenJDK'
PACKAGE_PATH=''
PACKAGE_STRING='OpenJDK jdk8'
PACKAGE_TARNAME='openjdk'
PACKAGE_URL='http://openjdk.java.net'
PACKAGE_VERSION='jdk8'
PATH_SEP=''
PATH_SEPARATOR=':'
PKGHANDLER=''
PKG_CONFIG=''
PNG_CFLAGS=''
PNG_LIBS=''
POST_MCS_CMD=''
POST_STRIP_CMD=''
POTENTIAL_CC=''
POTENTIAL_CXX=''
PRINTF='/usr/bin/printf'
PRODUCT_NAME=''
PRODUCT_SUFFIX=''
PROPER_COMPILER_CC=''
PROPER_COMPILER_CXX=''
RC=''
RC_FLAGS=''
READELF=''
READLINK='/usr/bin/readlink'
REQUIRED_OS_NAME=''
REQUIRED_OS_VERSION=''
RM='/usr/bin/rm -f'
SALIB_NAME=''
SDKPATH=''
SED='/usr/bin/sed'
SETFILE=''
SET_DEVELOPER_DIR=''
SET_EXECUTABLE_ORIGIN=''
SET_OPENJDK=''
SET_SHARED_LIBRARY_MAPFILE=''
SET_SHARED_LIBRARY_NAME=''
SET_SHARED_LIBRARY_ORIGIN=''
SH='/usr/bin/sh'
SHARED_LIBRARY=''
SHARED_LIBRARY_FLAGS=''
SHARED_LIBRARY_SUFFIX=''
SHELL='/usr/bin/bash'
SJAVAC_SERVER_DIR=''
SJAVAC_SERVER_JAVA=''
SORT='/usr/bin/sort'
SPEC=''
STAT=''
STATIC_CXX_SETTING=''
STATIC_LIBRARY=''
STATIC_LIBRARY_SUFFIX=''
STRIP=''
STRIP_POLICY=''
SUPPORT_HEADFUL=''
SUPPORT_HEADLESS=''
SYSROOT_CFLAGS=''
SYSROOT_LDFLAGS=''
TAIL='/usr/bin/tail'
TAR='/usr/bin/tar'
TEE='/usr/bin/tee'
TEST_IN_BUILD=''
TIME=''
TOOLCHAIN_PATH_CC=''
TOOLCHAIN_PATH_CXX=''
TOOLCHAIN_TYPE=''
TOPDIR='/root/code/corretto-8'
TOUCH='/usr/bin/touch'
TR='/usr/bin/tr'
UCRT_DLL_DIR=''
UNAME='/usr/bin/uname'
UNIQ='/usr/bin/uniq'
UNLIMITED_CRYPTO=''
UNZIP=''
USER_RELEASE_SUFFIX=''
USE_CLANG=''
USE_EXTERNAL_LCMS=''
USE_EXTERNAL_LIBGIF=''
USE_EXTERNAL_LIBJPEG=''
USE_EXTERNAL_LIBPNG=''
USE_EXTERNAL_LIBZ=''
USE_FORMAT_OVERFLOW=''
USE_PRECOMPILED_HEADER=''
USING_BROKEN_SUSE_LD=''
VARIANT=''
VENDOR_URL=''
VENDOR_URL_BUG=''
VENDOR_URL_VM_BUG=''
VS_INCLUDE=''
VS_LIB=''
VS_PATH=''
WC='/usr/bin/wc'
WHICH='/usr/bin/which'
XARGS='/usr/bin/xargs'
XATTR=''
XCODEBUILD=''
XMKMF=''
X_CFLAGS=''
X_EXTRA_LIBS=''
X_LIBS=''
X_PRE_LIBS=''
ZERO_ARCHDEF=''
ZERO_ARCHFLAG=''
ZIP=''
ZIP_DEBUGINFO_FILES=''
ac_ct_AR=''
ac_ct_CC=''
ac_ct_CXX=''
ac_ct_NM=''
ac_ct_OBJC=''
ac_ct_OBJCOPY=''
ac_ct_OBJDUMP=''
ac_ct_PROPER_COMPILER_CC=''
ac_ct_PROPER_COMPILER_CXX=''
ac_ct_STRIP=''
bindir='${exec_prefix}/bin'
build='x86_64-unknown-linux-gnu'
build_alias=''
build_cpu='x86_64'
build_os='linux-gnu'
build_vendor='unknown'
datadir='${datarootdir}'
datarootdir='${prefix}/share'
docdir='${datarootdir}/doc/${PACKAGE_TARNAME}'
dvidir='${docdir}'
exec_prefix='NONE'
host='x86_64-unknown-linux-gnu'
host_alias=''
host_cpu='x86_64'
host_os='linux-gnu'
host_vendor='unknown'
htmldir='${docdir}'
includedir='${prefix}/include'
infodir='${datarootdir}/info'
libdir='${exec_prefix}/lib'
libexecdir='${exec_prefix}/libexec'
localedir='${datarootdir}/locale'
localstatedir='${prefix}/var'
mandir='${datarootdir}/man'
oldincludedir='/usr/include'
pdfdir='${docdir}'
prefix='NONE'
program_transform_name='s,x,x,'
psdir='${docdir}'
runstatedir='${localstatedir}/run'
sbindir='${exec_prefix}/sbin'
sharedstatedir='${prefix}/com'
sysconfdir='${prefix}/etc'
target='cygwin'
target_alias='cygwin'
target_cpu=''
target_os=''
target_vendor=''

## ----------- ##
## confdefs.h. ##
## ----------- ##

/* confdefs.h */
#define PACKAGE_NAME "OpenJDK"
#define PACKAGE_TARNAME "openjdk"
#define PACKAGE_VERSION "jdk8"
#define PACKAGE_STRING "OpenJDK jdk8"
#define PACKAGE_BUGREPORT "build-dev@openjdk.java.net"
#define PACKAGE_URL "http://openjdk.java.net"

configure: exit 1
